<?xml version="1.0" encoding="UTF-8"?>
<testsuite name="CalculatorTest" tests="1" skipped="0" failures="0" errors="0" timestamp="2022-03-08T21:10:11" hostname="Karris-MacBook-Pro.local" time="0.017">
  <properties/>
  <testcase name="squareroot()" classname="CalculatorTest" time="0.017"/>
  <system-out><![CDATA[]]></system-out>
  <system-err><![CDATA[]]></system-err>
</testsuite>
