<?xml version="1.0" encoding="UTF-8"?>
<testsuite name="CalculatorTest" tests="1" skipped="0" failures="0" errors="0" timestamp="2022-03-08T20:50:15" hostname="Karris-MacBook-Pro.local" time="0.015">
  <properties/>
  <testcase name="addition()" classname="CalculatorTest" time="0.015"/>
  <system-out><![CDATA[]]></system-out>
  <system-err><![CDATA[]]></system-err>
</testsuite>
